<?xml version="1.0" encoding="UTF-8"?>
<!-- Generated by org.testng.reporters.JUnitReportReporter -->
<testsuite hostname="COOLLAPTOP" failures="0" tests="5" name="Salesforce_TestNG.SalesForce_Login_Tests" time="63.970" errors="0" timestamp="2024-10-25T21:48:45 EDT" skipped="0">
  <testcase classname="Salesforce_TestNG.SalesForce_Login_Tests" name="TC3" time="25.809"/>
  <testcase classname="Salesforce_TestNG.SalesForce_Login_Tests" name="TC1" time="9.347"/>
  <testcase classname="Salesforce_TestNG.SalesForce_Login_Tests" name="TC2" time="10.795"/>
  <testcase classname="Salesforce_TestNG.SalesForce_Login_Tests" name="TC4A" time="8.380"/>
  <testcase classname="Salesforce_TestNG.SalesForce_Login_Tests" name="TC4B" time="9.639"/>
</testsuite> <!-- Salesforce_TestNG.SalesForce_Login_Tests -->
